<?xml version="1.0" encoding="UTF-8"?>
<testsuite xmlns:xsi="http://www.w3.org/2001/XMLSchema-instance" xsi:noNamespaceSchemaLocation="https://maven.apache.org/surefire/maven-surefire-plugin/xsd/surefire-test-report.xsd" version="3.0.2" name="com.royal.msnotification.MsNotificationApplicationTests" time="20.877" tests="1" errors="0" skipped="0" failures="0" flakes="0">
  <properties>
[...]
</properties>
  <testcase name="contextLoads" classname="com.royal.msnotification.MsNotificationApplicationTests" time="1.191">
    <system-out><![CDATA[00:15:52.286 [main] INFO org.springframework.test.context.support.AnnotationConfigContextLoaderUtils -- Could not detect default configuration classes for test class [com.royal.msnotification.MsNotificationApplicationTests]: MsNotificationApplicationTests does not declare any static, non-private, non-final, nested classes annotated with @Configuration.
00:15:52.530 [main] INFO org.springframework.boot.test.context.SpringBootTestContextBootstrapper -- Found @SpringBootConfiguration com.royal.msnotification.MsNotificationApplication for test class com.royal.msnotification.MsNotificationApplicationTests
00:15:52.778 [main] INFO org.springframework.test.context.support.AnnotationConfigContextLoaderUtils -- Could not detect default configuration classes for test class [com.royal.msnotification.MsNotificationApplicationTests]: MsNotificationApplicationTests does not declare any static, non-private, non-final, nested classes annotated with @Configuration.
00:15:52.786 [main] INFO org.springframework.boot.test.context.SpringBootTestContextBootstrapper -- Found @SpringBootConfiguration com.royal.msnotification.MsNotificationApplication for test class com.royal.msnotification.MsNotificationApplicationTests

  .   ____          _            __ _ _
 /\\ / ___'_ __ _ _(_)_ __  __ _ \ \ \ \
( ( )\___ | '_ | '_| | '_ \/ _` | \ \ \ \
 \\/  ___)| |_)| | | | | || (_| |  ) ) ) )
  '  |____| .__|_| |_|_| |_\__, | / / / /
 =========|_|==============|___/=/_/_/_/

 :: Spring Boot ::                (v4.0.6)

2026-05-27T00:15:53.952-05:00  INFO 11652 --- [msNotification] [           main] c.r.m.MsNotificationApplicationTests     : Starting MsNotificationApplicationTests using Java 21.0.10 with PID 11652 (started by VALEN in C:\Users\USUARIO\Documents\PetFinder\PetFinderApp\msNotification)
2026-05-27T00:15:53.957-05:00  INFO 11652 --- [msNotification] [           main] c.r.m.MsNotificationApplicationTests     : No active profile set, falling back to 1 default profile: "default"
2026-05-27T00:15:57.513-05:00  INFO 11652 --- [msNotification] [           main] .s.d.r.c.RepositoryConfigurationDelegate : Bootstrapping Spring Data JPA repositories in DEFAULT mode.
2026-05-27T00:15:58.099-05:00  INFO 11652 --- [msNotification] [           main] .s.d.r.c.RepositoryConfigurationDelegate : Finished Spring Data repository scanning in 535 ms. Found 1 JPA repository interface.
2026-05-27T00:15:59.806-05:00  INFO 11652 --- [msNotification] [           main] org.hibernate.orm.jpa                    : HHH008540: Processing PersistenceUnitInfo [name: default]
2026-05-27T00:16:00.062-05:00  INFO 11652 --- [msNotification] [           main] org.hibernate.orm.core                   : HHH000001: Hibernate ORM core version 7.2.12.Final
2026-05-27T00:16:02.406-05:00  INFO 11652 --- [msNotification] [           main] o.s.o.j.p.SpringPersistenceUnitInfo      : No LoadTimeWeaver setup: ignoring JPA class transformer
2026-05-27T00:16:02.551-05:00  INFO 11652 --- [msNotification] [           main] com.zaxxer.hikari.HikariDataSource       : HikariPool-1 - Starting...
2026-05-27T00:16:03.305-05:00  INFO 11652 --- [msNotification] [           main] com.zaxxer.hikari.pool.HikariPool        : HikariPool-1 - Added connection com.mysql.cj.jdbc.ConnectionImpl@24a7d3d3
2026-05-27T00:16:03.311-05:00  INFO 11652 --- [msNotification] [           main] com.zaxxer.hikari.HikariDataSource       : HikariPool-1 - Start completed.
2026-05-27T00:16:03.500-05:00  WARN 11652 --- [msNotification] [           main] org.hibernate.orm.core                   : HHH000511: The 5.5.5 version for [org.hibernate.dialect.MySQLDialect] is no longer supported, hence certain features may not work properly.The minimum supported version is 8.0.0. Check the community dialects project for available legacy versions.
2026-05-27T00:16:03.600-05:00  INFO 11652 --- [msNotification] [           main] org.hibernate.orm.connections.pooling    : HHH10001005: Database info:
	Database JDBC URL [jdbc:mysql://localhost:3306/petfinder_notification_db?createDatabaseIfNotExist=true&useSSL=false&serverTimezone=UTC]
	Database driver: MySQL Connector/J
	Database dialect: MySQLDialect
	Database version: 5.5.5
	Default catalog/schema: petfinder_notification_db/undefined
	Autocommit mode: undefined/unknown
	Isolation level: REPEATABLE_READ [default REPEATABLE_READ]
	JDBC fetch size: none
	Pool: DataSourceConnectionProvider
	Minimum pool size: undefined/unknown
	Maximum pool size: undefined/unknown
2026-05-27T00:16:06.181-05:00  INFO 11652 --- [msNotification] [           main] org.hibernate.orm.core                   : HHH000489: No JTA platform available (set 'hibernate.transaction.jta.platform' to enable JTA platform integration)
Hibernate: 
    alter table notification 
       modify column channel enum ('EMAIL','IN_APP') not null
Hibernate: 
    alter table notification 
       modify column status enum ('FAILED','PENDING','READ','SENT') not null
Hibernate: 
    alter table notification 
       modify column type enum ('ADOPTION_APPROVED','ADOPTION_REJECTED','GENERAL','LOGIN','MATCH_CREATED','MEDICAL_EVENT','TRIAL_STARTED','VET_ASSIGNED') not null
2026-05-27T00:16:06.533-05:00  INFO 11652 --- [msNotification] [           main] j.LocalContainerEntityManagerFactoryBean : Initialized JPA EntityManagerFactory for persistence unit 'default'
2026-05-27T00:16:06.836-05:00  INFO 11652 --- [msNotification] [           main] o.s.d.j.r.query.QueryEnhancerFactories   : Hibernate is in classpath; If applicable, HQL parser will be used.
2026-05-27T00:16:09.132-05:00  WARN 11652 --- [msNotification] [           main] JpaBaseConfiguration$JpaWebConfiguration : spring.jpa.open-in-view is enabled by default. Therefore, database queries may be performed during view rendering. Explicitly configure spring.jpa.open-in-view to disable this warning
2026-05-27T00:16:10.153-05:00  WARN 11652 --- [msNotification] [           main] ion$DefaultTemplateResolverConfiguration : Cannot find template location: classpath:/templates/ (please add some templates, check your Thymeleaf configuration, or set spring.thymeleaf.check-template-location=false)
2026-05-27T00:16:11.272-05:00  INFO 11652 --- [msNotification] [           main] c.r.m.MsNotificationApplicationTests     : Started MsNotificationApplicationTests in 18.309 seconds (process running for 21.413)
]]></system-out>
    <system-err><![CDATA[Mockito is currently self-attaching to enable the inline-mock-maker. This will no longer work in future releases of the JDK. Please add Mockito as an agent to your build as described in Mockito's documentation: https://javadoc.io/doc/org.mockito/mockito-core/latest/org.mockito/org/mockito/Mockito.html#0.3
WARNING: A Java agent has been loaded dynamically (C:\Users\USUARIO\.m2\repository\net\bytebuddy\byte-buddy-agent\1.17.8\byte-buddy-agent-1.17.8.jar)
WARNING: If a serviceability tool is in use, please run with -XX:+EnableDynamicAgentLoading to hide this warning
WARNING: If a serviceability tool is not in use, please run with -Djdk.instrument.traceUsage for more information
WARNING: Dynamic loading of agents will be disallowed by default in a future release
]]></system-err>
  </testcase>
</testsuite>